<?xml version="1.0" encoding="UTF-8"?>
<testng-results skipped="0" failed="0" ignored="0" total="4" passed="4">
  <reporter-output>
  </reporter-output>
  <suite name="Suite" duration-ms="72" started-at="2020-02-25T13:49:26 EST" finished-at="2020-02-25T13:49:26 EST">
    <groups>
    </groups>
    <test name="Test" duration-ms="72" started-at="2020-02-25T13:49:26 EST" finished-at="2020-02-25T13:49:26 EST">
      <class name="Test.day1">
        <test-method status="PASS" signature="demo()[pri:0, instance:Test.day1@21213b92]" name="demo" duration-ms="7" started-at="2020-02-25T13:49:26 EST" finished-at="2020-02-25T13:49:26 EST">
          <reporter-output>
          </reporter-output>
        </test-method> <!-- demo -->
        <test-method status="PASS" signature="demo1()[pri:0, instance:Test.day1@21213b92]" name="demo1" duration-ms="2" started-at="2020-02-25T13:49:26 EST" finished-at="2020-02-25T13:49:26 EST">
          <reporter-output>
          </reporter-output>
        </test-method> <!-- demo1 -->
      </class> <!-- Test.day1 -->
      <class name="Test.day3">
        <test-method status="PASS" signature="demo3()[pri:0, instance:Test.day3@31610302]" name="demo3" duration-ms="12" started-at="2020-02-25T13:49:26 EST" finished-at="2020-02-25T13:49:26 EST">
          <reporter-output>
          </reporter-output>
        </test-method> <!-- demo3 -->
      </class> <!-- Test.day3 -->
      <class name="Test.day2">
        <test-method status="PASS" signature="demo3()[pri:0, instance:Test.day2@71318ec4]" name="demo3" duration-ms="2" started-at="2020-02-25T13:49:26 EST" finished-at="2020-02-25T13:49:26 EST">
          <reporter-output>
          </reporter-output>
        </test-method> <!-- demo3 -->
      </class> <!-- Test.day2 -->
    </test> <!-- Test -->
  </suite> <!-- Suite -->
</testng-results>
