<?xml version="1.0" encoding="UTF-8"?>
<!-- Generated by org.testng.reporters.JUnitXMLReporter -->
<testsuite hostname="DESKTOP-I4183A3" ignored="0" name="Test" tests="4" failures="0" timestamp="2020-02-25T13:49:26 EST" time="0.072" errors="0">
  <testcase name="demo3" time="0.012" classname="Test.day3"/>
  <testcase name="demo3" time="0.002" classname="Test.day2"/>
  <testcase name="demo" time="0.007" classname="Test.day1"/>
  <testcase name="demo1" time="0.002" classname="Test.day1"/>
</testsuite> <!-- Test -->
